DEBUG - 2026-02-09 01:39:43 --> Session: Class initialized using 'CodeIgniter\Session\Handlers\FileHandler' driver.
WARNING - 2026-02-09 01:39:43 --> [DEPRECATED] Creation of dynamic property Config\Database::$default is deprecated in APPPATH\Config\Database.php on line 40.
 1 SYSTEMPATH\Config\Factories.php(235): Config\Database->__construct()
 2 SYSTEMPATH\Config\Factories.php(169): CodeIgniter\Config\Factories::createInstance('config', 'Config\\Database', [])
 3 SYSTEMPATH\Config\Factories.php(188): CodeIgniter\Config\Factories::__callStatic('config', [])
 4 SYSTEMPATH\Common.php(210): CodeIgniter\Config\Factories::get('config', 'Config\\Database')
 5 SYSTEMPATH\Database\Config.php(63): config('Config\\Database')
 6 APPPATH\Controllers\Auth.php(115): CodeIgniter\Database\Config::connect()
 7 APPPATH\Controllers\Auth.php(27): App\Controllers\Auth->clearFailedAttempts()
 8 SYSTEMPATH\CodeIgniter.php(933): App\Controllers\Auth->index()
 9 SYSTEMPATH\CodeIgniter.php(507): CodeIgniter\CodeIgniter->runController(Object(App\Controllers\Auth))
10 SYSTEMPATH\CodeIgniter.php(354): CodeIgniter\CodeIgniter->handleRequest(null, Object(Config\Cache), false)
11 SYSTEMPATH\Boot.php(334): CodeIgniter\CodeIgniter->run()
12 SYSTEMPATH\Boot.php(67): CodeIgniter\Boot::runCodeIgniter(Object(CodeIgniter\CodeIgniter))
13 FCPATH\index.php(56): CodeIgniter\Boot::bootWeb(Object(Config\Paths))
14 SYSTEMPATH\rewrite.php(44): require_once('D:\\xampp\\htdocs\\Codeigniter_No_Docker\\public\\index.php')
ERROR - 2026-02-09 01:39:43 --> Error connecting to the database: mysqli_sql_exception: Access denied for user 'phpmyadmin'@'localhost' (using password: YES) in D:\xampp\htdocs\Codeigniter_No_Docker\vendor\codeigniter4\framework\system\Database\MySQLi\Connection.php:201
Stack trace:
#0 D:\xampp\htdocs\Codeigniter_No_Docker\vendor\codeigniter4\framework\system\Database\MySQLi\Connection.php(201): mysqli->real_connect('localhost', 'phpmyadmin', Object(SensitiveParameterValue), 'crud_db', 3306, '', 0)
#1 D:\xampp\htdocs\Codeigniter_No_Docker\vendor\codeigniter4\framework\system\Database\BaseConnection.php(421): CodeIgniter\Database\MySQLi\Connection->connect(false)
#2 D:\xampp\htdocs\Codeigniter_No_Docker\vendor\codeigniter4\framework\system\Database\BaseConnection.php(620): CodeIgniter\Database\BaseConnection->initialize()
#3 D:\xampp\htdocs\Codeigniter_No_Docker\vendor\codeigniter4\framework\system\Database\BaseBuilder.php(2848): CodeIgniter\Database\BaseConnection->query('DELETE FROM `lo...', Array, false)
#4 D:\xampp\htdocs\Codeigniter_No_Docker\app\Controllers\Auth.php(126): CodeIgniter\Database\BaseBuilder->delete()
#5 D:\xampp\htdocs\Codeigniter_No_Docker\app\Controllers\Auth.php(27): App\Controllers\Auth->clearFailedAttempts()
#6 D:\xampp\htdocs\Codeigniter_No_Docker\vendor\codeigniter4\framework\system\CodeIgniter.php(933): App\Controllers\Auth->index()
#7 D:\xampp\htdocs\Codeigniter_No_Docker\vendor\codeigniter4\framework\system\CodeIgniter.php(507): CodeIgniter\CodeIgniter->runController(Object(App\Controllers\Auth))
#8 D:\xampp\htdocs\Codeigniter_No_Docker\vendor\codeigniter4\framework\system\CodeIgniter.php(354): CodeIgniter\CodeIgniter->handleRequest(NULL, Object(Config\Cache), false)
#9 D:\xampp\htdocs\Codeigniter_No_Docker\vendor\codeigniter4\framework\system\Boot.php(334): CodeIgniter\CodeIgniter->run()
#10 D:\xampp\htdocs\Codeigniter_No_Docker\vendor\codeigniter4\framework\system\Boot.php(67): CodeIgniter\Boot::runCodeIgniter(Object(CodeIgniter\CodeIgniter))
#11 D:\xampp\htdocs\Codeigniter_No_Docker\public\index.php(56): CodeIgniter\Boot::bootWeb(Object(Config\Paths))
#12 D:\xampp\htdocs\Codeigniter_No_Docker\vendor\codeigniter4\framework\system\rewrite.php(44): require_once('D:\\xampp\\htdocs...')
#13 {main}

Next CodeIgniter\Database\Exceptions\DatabaseException: Access denied for user '****'@'localhost' (using password: YES) in D:\xampp\htdocs\Codeigniter_No_Docker\vendor\codeigniter4\framework\system\Database\MySQLi\Connection.php:246
Stack trace:
#0 D:\xampp\htdocs\Codeigniter_No_Docker\vendor\codeigniter4\framework\system\Database\BaseConnection.php(421): CodeIgniter\Database\MySQLi\Connection->connect(false)
#1 D:\xampp\htdocs\Codeigniter_No_Docker\vendor\codeigniter4\framework\system\Database\BaseConnection.php(620): CodeIgniter\Database\BaseConnection->initialize()
#2 D:\xampp\htdocs\Codeigniter_No_Docker\vendor\codeigniter4\framework\system\Database\BaseBuilder.php(2848): CodeIgniter\Database\BaseConnection->query('DELETE FROM `lo...', Array, false)
#3 D:\xampp\htdocs\Codeigniter_No_Docker\app\Controllers\Auth.php(126): CodeIgniter\Database\BaseBuilder->delete()
#4 D:\xampp\htdocs\Codeigniter_No_Docker\app\Controllers\Auth.php(27): App\Controllers\Auth->clearFailedAttempts()
#5 D:\xampp\htdocs\Codeigniter_No_Docker\vendor\codeigniter4\framework\system\CodeIgniter.php(933): App\Controllers\Auth->index()
#6 D:\xampp\htdocs\Codeigniter_No_Docker\vendor\codeigniter4\framework\system\CodeIgniter.php(507): CodeIgniter\CodeIgniter->runController(Object(App\Controllers\Auth))
#7 D:\xampp\htdocs\Codeigniter_No_Docker\vendor\codeigniter4\framework\system\CodeIgniter.php(354): CodeIgniter\CodeIgniter->handleRequest(NULL, Object(Config\Cache), false)
#8 D:\xampp\htdocs\Codeigniter_No_Docker\vendor\codeigniter4\framework\system\Boot.php(334): CodeIgniter\CodeIgniter->run()
#9 D:\xampp\htdocs\Codeigniter_No_Docker\vendor\codeigniter4\framework\system\Boot.php(67): CodeIgniter\Boot::runCodeIgniter(Object(CodeIgniter\CodeIgniter))
#10 D:\xampp\htdocs\Codeigniter_No_Docker\public\index.php(56): CodeIgniter\Boot::bootWeb(Object(Config\Paths))
#11 D:\xampp\htdocs\Codeigniter_No_Docker\vendor\codeigniter4\framework\system\rewrite.php(44): require_once('D:\\xampp\\htdocs...')
#12 {main}
CRITICAL - 2026-02-09 01:39:43 --> CodeIgniter\Database\Exceptions\DatabaseException: Unable to connect to the database.
Main connection [MySQLi]: Access denied for user '****'@'localhost' (using password: YES)
[Method: GET, Route: /]
in SYSTEMPATH\Database\BaseConnection.php on line 467.
 1 SYSTEMPATH\Database\BaseConnection.php(620): CodeIgniter\Database\BaseConnection->initialize()
 2 SYSTEMPATH\Database\BaseBuilder.php(2848): CodeIgniter\Database\BaseConnection->query('DELETE FROM `login_attempts`
WHERE `ip_address` = :ip_address:
AND `attempt_time` < :attempt_time:', [...], false)
 3 APPPATH\Controllers\Auth.php(126): CodeIgniter\Database\BaseBuilder->delete()
 4 APPPATH\Controllers\Auth.php(27): App\Controllers\Auth->clearFailedAttempts()
 5 SYSTEMPATH\CodeIgniter.php(933): App\Controllers\Auth->index()
 6 SYSTEMPATH\CodeIgniter.php(507): CodeIgniter\CodeIgniter->runController(Object(App\Controllers\Auth))
 7 SYSTEMPATH\CodeIgniter.php(354): CodeIgniter\CodeIgniter->handleRequest(null, Object(Config\Cache), false)
 8 SYSTEMPATH\Boot.php(334): CodeIgniter\CodeIgniter->run()
 9 SYSTEMPATH\Boot.php(67): CodeIgniter\Boot::runCodeIgniter(Object(CodeIgniter\CodeIgniter))
10 FCPATH\index.php(56): CodeIgniter\Boot::bootWeb(Object(Config\Paths))
11 SYSTEMPATH\rewrite.php(44): require_once('D:\\xampp\\htdocs\\Codeigniter_No_Docker\\public\\index.php')
DEBUG - 2026-02-09 01:42:20 --> Session: Class initialized using 'CodeIgniter\Session\Handlers\FileHandler' driver.
WARNING - 2026-02-09 01:42:20 --> [DEPRECATED] Creation of dynamic property Config\Database::$default is deprecated in APPPATH\Config\Database.php on line 40.
 1 SYSTEMPATH\Config\Factories.php(235): Config\Database->__construct()
 2 SYSTEMPATH\Config\Factories.php(169): CodeIgniter\Config\Factories::createInstance('config', 'Config\\Database', [])
 3 SYSTEMPATH\Config\Factories.php(188): CodeIgniter\Config\Factories::__callStatic('config', [])
 4 SYSTEMPATH\Common.php(210): CodeIgniter\Config\Factories::get('config', 'Config\\Database')
 5 SYSTEMPATH\Database\Config.php(63): config('Config\\Database')
 6 APPPATH\Controllers\Auth.php(115): CodeIgniter\Database\Config::connect()
 7 APPPATH\Controllers\Auth.php(27): App\Controllers\Auth->clearFailedAttempts()
 8 SYSTEMPATH\CodeIgniter.php(933): App\Controllers\Auth->index()
 9 SYSTEMPATH\CodeIgniter.php(507): CodeIgniter\CodeIgniter->runController(Object(App\Controllers\Auth))
10 SYSTEMPATH\CodeIgniter.php(354): CodeIgniter\CodeIgniter->handleRequest(null, Object(Config\Cache), false)
11 SYSTEMPATH\Boot.php(334): CodeIgniter\CodeIgniter->run()
12 SYSTEMPATH\Boot.php(67): CodeIgniter\Boot::runCodeIgniter(Object(CodeIgniter\CodeIgniter))
13 FCPATH\index.php(56): CodeIgniter\Boot::bootWeb(Object(Config\Paths))
14 SYSTEMPATH\rewrite.php(44): require_once('D:\\xampp\\htdocs\\Codeigniter_No_Docker\\public\\index.php')
ERROR - 2026-02-09 01:42:20 --> Error connecting to the database: mysqli_sql_exception: Access denied for user 'phpmyadmin'@'localhost' (using password: YES) in D:\xampp\htdocs\Codeigniter_No_Docker\vendor\codeigniter4\framework\system\Database\MySQLi\Connection.php:201
Stack trace:
#0 D:\xampp\htdocs\Codeigniter_No_Docker\vendor\codeigniter4\framework\system\Database\MySQLi\Connection.php(201): mysqli->real_connect('localhost', 'phpmyadmin', Object(SensitiveParameterValue), 'crud_db', 3306, '', 0)
#1 D:\xampp\htdocs\Codeigniter_No_Docker\vendor\codeigniter4\framework\system\Database\BaseConnection.php(421): CodeIgniter\Database\MySQLi\Connection->connect(false)
#2 D:\xampp\htdocs\Codeigniter_No_Docker\vendor\codeigniter4\framework\system\Database\BaseConnection.php(620): CodeIgniter\Database\BaseConnection->initialize()
#3 D:\xampp\htdocs\Codeigniter_No_Docker\vendor\codeigniter4\framework\system\Database\BaseBuilder.php(2848): CodeIgniter\Database\BaseConnection->query('DELETE FROM `lo...', Array, false)
#4 D:\xampp\htdocs\Codeigniter_No_Docker\app\Controllers\Auth.php(126): CodeIgniter\Database\BaseBuilder->delete()
#5 D:\xampp\htdocs\Codeigniter_No_Docker\app\Controllers\Auth.php(27): App\Controllers\Auth->clearFailedAttempts()
#6 D:\xampp\htdocs\Codeigniter_No_Docker\vendor\codeigniter4\framework\system\CodeIgniter.php(933): App\Controllers\Auth->index()
#7 D:\xampp\htdocs\Codeigniter_No_Docker\vendor\codeigniter4\framework\system\CodeIgniter.php(507): CodeIgniter\CodeIgniter->runController(Object(App\Controllers\Auth))
#8 D:\xampp\htdocs\Codeigniter_No_Docker\vendor\codeigniter4\framework\system\CodeIgniter.php(354): CodeIgniter\CodeIgniter->handleRequest(NULL, Object(Config\Cache), false)
#9 D:\xampp\htdocs\Codeigniter_No_Docker\vendor\codeigniter4\framework\system\Boot.php(334): CodeIgniter\CodeIgniter->run()
#10 D:\xampp\htdocs\Codeigniter_No_Docker\vendor\codeigniter4\framework\system\Boot.php(67): CodeIgniter\Boot::runCodeIgniter(Object(CodeIgniter\CodeIgniter))
#11 D:\xampp\htdocs\Codeigniter_No_Docker\public\index.php(56): CodeIgniter\Boot::bootWeb(Object(Config\Paths))
#12 D:\xampp\htdocs\Codeigniter_No_Docker\vendor\codeigniter4\framework\system\rewrite.php(44): require_once('D:\\xampp\\htdocs...')
#13 {main}

Next CodeIgniter\Database\Exceptions\DatabaseException: Access denied for user '****'@'localhost' (using password: YES) in D:\xampp\htdocs\Codeigniter_No_Docker\vendor\codeigniter4\framework\system\Database\MySQLi\Connection.php:246
Stack trace:
#0 D:\xampp\htdocs\Codeigniter_No_Docker\vendor\codeigniter4\framework\system\Database\BaseConnection.php(421): CodeIgniter\Database\MySQLi\Connection->connect(false)
#1 D:\xampp\htdocs\Codeigniter_No_Docker\vendor\codeigniter4\framework\system\Database\BaseConnection.php(620): CodeIgniter\Database\BaseConnection->initialize()
#2 D:\xampp\htdocs\Codeigniter_No_Docker\vendor\codeigniter4\framework\system\Database\BaseBuilder.php(2848): CodeIgniter\Database\BaseConnection->query('DELETE FROM `lo...', Array, false)
#3 D:\xampp\htdocs\Codeigniter_No_Docker\app\Controllers\Auth.php(126): CodeIgniter\Database\BaseBuilder->delete()
#4 D:\xampp\htdocs\Codeigniter_No_Docker\app\Controllers\Auth.php(27): App\Controllers\Auth->clearFailedAttempts()
#5 D:\xampp\htdocs\Codeigniter_No_Docker\vendor\codeigniter4\framework\system\CodeIgniter.php(933): App\Controllers\Auth->index()
#6 D:\xampp\htdocs\Codeigniter_No_Docker\vendor\codeigniter4\framework\system\CodeIgniter.php(507): CodeIgniter\CodeIgniter->runController(Object(App\Controllers\Auth))
#7 D:\xampp\htdocs\Codeigniter_No_Docker\vendor\codeigniter4\framework\system\CodeIgniter.php(354): CodeIgniter\CodeIgniter->handleRequest(NULL, Object(Config\Cache), false)
#8 D:\xampp\htdocs\Codeigniter_No_Docker\vendor\codeigniter4\framework\system\Boot.php(334): CodeIgniter\CodeIgniter->run()
#9 D:\xampp\htdocs\Codeigniter_No_Docker\vendor\codeigniter4\framework\system\Boot.php(67): CodeIgniter\Boot::runCodeIgniter(Object(CodeIgniter\CodeIgniter))
#10 D:\xampp\htdocs\Codeigniter_No_Docker\public\index.php(56): CodeIgniter\Boot::bootWeb(Object(Config\Paths))
#11 D:\xampp\htdocs\Codeigniter_No_Docker\vendor\codeigniter4\framework\system\rewrite.php(44): require_once('D:\\xampp\\htdocs...')
#12 {main}
CRITICAL - 2026-02-09 01:42:20 --> CodeIgniter\Database\Exceptions\DatabaseException: Unable to connect to the database.
Main connection [MySQLi]: Access denied for user '****'@'localhost' (using password: YES)
[Method: GET, Route: /]
in SYSTEMPATH\Database\BaseConnection.php on line 467.
 1 SYSTEMPATH\Database\BaseConnection.php(620): CodeIgniter\Database\BaseConnection->initialize()
 2 SYSTEMPATH\Database\BaseBuilder.php(2848): CodeIgniter\Database\BaseConnection->query('DELETE FROM `login_attempts`
WHERE `ip_address` = :ip_address:
AND `attempt_time` < :attempt_time:', [...], false)
 3 APPPATH\Controllers\Auth.php(126): CodeIgniter\Database\BaseBuilder->delete()
 4 APPPATH\Controllers\Auth.php(27): App\Controllers\Auth->clearFailedAttempts()
 5 SYSTEMPATH\CodeIgniter.php(933): App\Controllers\Auth->index()
 6 SYSTEMPATH\CodeIgniter.php(507): CodeIgniter\CodeIgniter->runController(Object(App\Controllers\Auth))
 7 SYSTEMPATH\CodeIgniter.php(354): CodeIgniter\CodeIgniter->handleRequest(null, Object(Config\Cache), false)
 8 SYSTEMPATH\Boot.php(334): CodeIgniter\CodeIgniter->run()
 9 SYSTEMPATH\Boot.php(67): CodeIgniter\Boot::runCodeIgniter(Object(CodeIgniter\CodeIgniter))
10 FCPATH\index.php(56): CodeIgniter\Boot::bootWeb(Object(Config\Paths))
11 SYSTEMPATH\rewrite.php(44): require_once('D:\\xampp\\htdocs\\Codeigniter_No_Docker\\public\\index.php')
DEBUG - 2026-02-09 01:42:22 --> Session: Class initialized using 'CodeIgniter\Session\Handlers\FileHandler' driver.
WARNING - 2026-02-09 01:42:22 --> [DEPRECATED] Creation of dynamic property Config\Database::$default is deprecated in APPPATH\Config\Database.php on line 40.
 1 SYSTEMPATH\Config\Factories.php(235): Config\Database->__construct()
 2 SYSTEMPATH\Config\Factories.php(169): CodeIgniter\Config\Factories::createInstance('config', 'Config\\Database', [])
 3 SYSTEMPATH\Config\Factories.php(188): CodeIgniter\Config\Factories::__callStatic('config', [])
 4 SYSTEMPATH\Common.php(210): CodeIgniter\Config\Factories::get('config', 'Config\\Database')
 5 SYSTEMPATH\Database\Config.php(63): config('Config\\Database')
 6 APPPATH\Controllers\Auth.php(115): CodeIgniter\Database\Config::connect()
 7 APPPATH\Controllers\Auth.php(27): App\Controllers\Auth->clearFailedAttempts()
 8 SYSTEMPATH\CodeIgniter.php(933): App\Controllers\Auth->index()
 9 SYSTEMPATH\CodeIgniter.php(507): CodeIgniter\CodeIgniter->runController(Object(App\Controllers\Auth))
10 SYSTEMPATH\CodeIgniter.php(354): CodeIgniter\CodeIgniter->handleRequest(null, Object(Config\Cache), false)
11 SYSTEMPATH\Boot.php(334): CodeIgniter\CodeIgniter->run()
12 SYSTEMPATH\Boot.php(67): CodeIgniter\Boot::runCodeIgniter(Object(CodeIgniter\CodeIgniter))
13 FCPATH\index.php(56): CodeIgniter\Boot::bootWeb(Object(Config\Paths))
14 SYSTEMPATH\rewrite.php(44): require_once('D:\\xampp\\htdocs\\Codeigniter_No_Docker\\public\\index.php')
ERROR - 2026-02-09 01:42:22 --> Error connecting to the database: mysqli_sql_exception: Access denied for user 'phpmyadmin'@'localhost' (using password: YES) in D:\xampp\htdocs\Codeigniter_No_Docker\vendor\codeigniter4\framework\system\Database\MySQLi\Connection.php:201
Stack trace:
#0 D:\xampp\htdocs\Codeigniter_No_Docker\vendor\codeigniter4\framework\system\Database\MySQLi\Connection.php(201): mysqli->real_connect('localhost', 'phpmyadmin', Object(SensitiveParameterValue), 'crud_db', 3306, '', 0)
#1 D:\xampp\htdocs\Codeigniter_No_Docker\vendor\codeigniter4\framework\system\Database\BaseConnection.php(421): CodeIgniter\Database\MySQLi\Connection->connect(false)
#2 D:\xampp\htdocs\Codeigniter_No_Docker\vendor\codeigniter4\framework\system\Database\BaseConnection.php(620): CodeIgniter\Database\BaseConnection->initialize()
#3 D:\xampp\htdocs\Codeigniter_No_Docker\vendor\codeigniter4\framework\system\Database\BaseBuilder.php(2848): CodeIgniter\Database\BaseConnection->query('DELETE FROM `lo...', Array, false)
#4 D:\xampp\htdocs\Codeigniter_No_Docker\app\Controllers\Auth.php(126): CodeIgniter\Database\BaseBuilder->delete()
#5 D:\xampp\htdocs\Codeigniter_No_Docker\app\Controllers\Auth.php(27): App\Controllers\Auth->clearFailedAttempts()
#6 D:\xampp\htdocs\Codeigniter_No_Docker\vendor\codeigniter4\framework\system\CodeIgniter.php(933): App\Controllers\Auth->index()
#7 D:\xampp\htdocs\Codeigniter_No_Docker\vendor\codeigniter4\framework\system\CodeIgniter.php(507): CodeIgniter\CodeIgniter->runController(Object(App\Controllers\Auth))
#8 D:\xampp\htdocs\Codeigniter_No_Docker\vendor\codeigniter4\framework\system\CodeIgniter.php(354): CodeIgniter\CodeIgniter->handleRequest(NULL, Object(Config\Cache), false)
#9 D:\xampp\htdocs\Codeigniter_No_Docker\vendor\codeigniter4\framework\system\Boot.php(334): CodeIgniter\CodeIgniter->run()
#10 D:\xampp\htdocs\Codeigniter_No_Docker\vendor\codeigniter4\framework\system\Boot.php(67): CodeIgniter\Boot::runCodeIgniter(Object(CodeIgniter\CodeIgniter))
#11 D:\xampp\htdocs\Codeigniter_No_Docker\public\index.php(56): CodeIgniter\Boot::bootWeb(Object(Config\Paths))
#12 D:\xampp\htdocs\Codeigniter_No_Docker\vendor\codeigniter4\framework\system\rewrite.php(44): require_once('D:\\xampp\\htdocs...')
#13 {main}

Next CodeIgniter\Database\Exceptions\DatabaseException: Access denied for user '****'@'localhost' (using password: YES) in D:\xampp\htdocs\Codeigniter_No_Docker\vendor\codeigniter4\framework\system\Database\MySQLi\Connection.php:246
Stack trace:
#0 D:\xampp\htdocs\Codeigniter_No_Docker\vendor\codeigniter4\framework\system\Database\BaseConnection.php(421): CodeIgniter\Database\MySQLi\Connection->connect(false)
#1 D:\xampp\htdocs\Codeigniter_No_Docker\vendor\codeigniter4\framework\system\Database\BaseConnection.php(620): CodeIgniter\Database\BaseConnection->initialize()
#2 D:\xampp\htdocs\Codeigniter_No_Docker\vendor\codeigniter4\framework\system\Database\BaseBuilder.php(2848): CodeIgniter\Database\BaseConnection->query('DELETE FROM `lo...', Array, false)
#3 D:\xampp\htdocs\Codeigniter_No_Docker\app\Controllers\Auth.php(126): CodeIgniter\Database\BaseBuilder->delete()
#4 D:\xampp\htdocs\Codeigniter_No_Docker\app\Controllers\Auth.php(27): App\Controllers\Auth->clearFailedAttempts()
#5 D:\xampp\htdocs\Codeigniter_No_Docker\vendor\codeigniter4\framework\system\CodeIgniter.php(933): App\Controllers\Auth->index()
#6 D:\xampp\htdocs\Codeigniter_No_Docker\vendor\codeigniter4\framework\system\CodeIgniter.php(507): CodeIgniter\CodeIgniter->runController(Object(App\Controllers\Auth))
#7 D:\xampp\htdocs\Codeigniter_No_Docker\vendor\codeigniter4\framework\system\CodeIgniter.php(354): CodeIgniter\CodeIgniter->handleRequest(NULL, Object(Config\Cache), false)
#8 D:\xampp\htdocs\Codeigniter_No_Docker\vendor\codeigniter4\framework\system\Boot.php(334): CodeIgniter\CodeIgniter->run()
#9 D:\xampp\htdocs\Codeigniter_No_Docker\vendor\codeigniter4\framework\system\Boot.php(67): CodeIgniter\Boot::runCodeIgniter(Object(CodeIgniter\CodeIgniter))
#10 D:\xampp\htdocs\Codeigniter_No_Docker\public\index.php(56): CodeIgniter\Boot::bootWeb(Object(Config\Paths))
#11 D:\xampp\htdocs\Codeigniter_No_Docker\vendor\codeigniter4\framework\system\rewrite.php(44): require_once('D:\\xampp\\htdocs...')
#12 {main}
CRITICAL - 2026-02-09 01:42:22 --> CodeIgniter\Database\Exceptions\DatabaseException: Unable to connect to the database.
Main connection [MySQLi]: Access denied for user '****'@'localhost' (using password: YES)
[Method: GET, Route: /]
in SYSTEMPATH\Database\BaseConnection.php on line 467.
 1 SYSTEMPATH\Database\BaseConnection.php(620): CodeIgniter\Database\BaseConnection->initialize()
 2 SYSTEMPATH\Database\BaseBuilder.php(2848): CodeIgniter\Database\BaseConnection->query('DELETE FROM `login_attempts`
WHERE `ip_address` = :ip_address:
AND `attempt_time` < :attempt_time:', [...], false)
 3 APPPATH\Controllers\Auth.php(126): CodeIgniter\Database\BaseBuilder->delete()
 4 APPPATH\Controllers\Auth.php(27): App\Controllers\Auth->clearFailedAttempts()
 5 SYSTEMPATH\CodeIgniter.php(933): App\Controllers\Auth->index()
 6 SYSTEMPATH\CodeIgniter.php(507): CodeIgniter\CodeIgniter->runController(Object(App\Controllers\Auth))
 7 SYSTEMPATH\CodeIgniter.php(354): CodeIgniter\CodeIgniter->handleRequest(null, Object(Config\Cache), false)
 8 SYSTEMPATH\Boot.php(334): CodeIgniter\CodeIgniter->run()
 9 SYSTEMPATH\Boot.php(67): CodeIgniter\Boot::runCodeIgniter(Object(CodeIgniter\CodeIgniter))
10 FCPATH\index.php(56): CodeIgniter\Boot::bootWeb(Object(Config\Paths))
11 SYSTEMPATH\rewrite.php(44): require_once('D:\\xampp\\htdocs\\Codeigniter_No_Docker\\public\\index.php')
DEBUG - 2026-02-09 01:43:24 --> Session: Class initialized using 'CodeIgniter\Session\Handlers\FileHandler' driver.
WARNING - 2026-02-09 01:43:24 --> [DEPRECATED] Creation of dynamic property Config\Database::$default is deprecated in APPPATH\Config\Database.php on line 40.
 1 SYSTEMPATH\Config\Factories.php(235): Config\Database->__construct()
 2 SYSTEMPATH\Config\Factories.php(169): CodeIgniter\Config\Factories::createInstance('config', 'Config\\Database', [])
 3 SYSTEMPATH\Config\Factories.php(188): CodeIgniter\Config\Factories::__callStatic('config', [])
 4 SYSTEMPATH\Common.php(210): CodeIgniter\Config\Factories::get('config', 'Config\\Database')
 5 SYSTEMPATH\Database\Config.php(63): config('Config\\Database')
 6 APPPATH\Controllers\Auth.php(115): CodeIgniter\Database\Config::connect()
 7 APPPATH\Controllers\Auth.php(27): App\Controllers\Auth->clearFailedAttempts()
 8 SYSTEMPATH\CodeIgniter.php(933): App\Controllers\Auth->index()
 9 SYSTEMPATH\CodeIgniter.php(507): CodeIgniter\CodeIgniter->runController(Object(App\Controllers\Auth))
10 SYSTEMPATH\CodeIgniter.php(354): CodeIgniter\CodeIgniter->handleRequest(null, Object(Config\Cache), false)
11 SYSTEMPATH\Boot.php(334): CodeIgniter\CodeIgniter->run()
12 SYSTEMPATH\Boot.php(67): CodeIgniter\Boot::runCodeIgniter(Object(CodeIgniter\CodeIgniter))
13 FCPATH\index.php(56): CodeIgniter\Boot::bootWeb(Object(Config\Paths))
14 SYSTEMPATH\rewrite.php(44): require_once('D:\\xampp\\htdocs\\Codeigniter_No_Docker\\public\\index.php')
DEBUG - 2026-02-09 01:44:05 --> Session: Class initialized using 'CodeIgniter\Session\Handlers\FileHandler' driver.
INFO - 2026-02-09 01:44:05 --> CSRF token verified.
WARNING - 2026-02-09 01:44:05 --> [DEPRECATED] Creation of dynamic property Config\Database::$default is deprecated in APPPATH\Config\Database.php on line 40.
 1 SYSTEMPATH\Config\Factories.php(235): Config\Database->__construct()
 2 SYSTEMPATH\Config\Factories.php(169): CodeIgniter\Config\Factories::createInstance('config', 'Config\\Database', [])
 3 SYSTEMPATH\Config\Factories.php(188): CodeIgniter\Config\Factories::__callStatic('config', [])
 4 SYSTEMPATH\Common.php(210): CodeIgniter\Config\Factories::get('config', 'Config\\Database')
 5 SYSTEMPATH\Database\Config.php(63): config('Config\\Database')
 6 SYSTEMPATH\Model.php(155): CodeIgniter\Database\Config::connect(null)
 7 APPPATH\Controllers\Auth.php(36): CodeIgniter\Model->__construct()
 8 SYSTEMPATH\CodeIgniter.php(933): App\Controllers\Auth->auth()
 9 SYSTEMPATH\CodeIgniter.php(507): CodeIgniter\CodeIgniter->runController(Object(App\Controllers\Auth))
10 SYSTEMPATH\CodeIgniter.php(354): CodeIgniter\CodeIgniter->handleRequest(null, Object(Config\Cache), false)
11 SYSTEMPATH\Boot.php(334): CodeIgniter\CodeIgniter->run()
12 SYSTEMPATH\Boot.php(67): CodeIgniter\Boot::runCodeIgniter(Object(CodeIgniter\CodeIgniter))
13 FCPATH\index.php(56): CodeIgniter\Boot::bootWeb(Object(Config\Paths))
14 SYSTEMPATH\rewrite.php(44): require_once('D:\\xampp\\htdocs\\Codeigniter_No_Docker\\public\\index.php')
DEBUG - 2026-02-09 01:44:05 --> Session: Class initialized using 'CodeIgniter\Session\Handlers\FileHandler' driver.
WARNING - 2026-02-09 01:44:05 --> [DEPRECATED] Creation of dynamic property Config\Database::$default is deprecated in APPPATH\Config\Database.php on line 40.
 1 SYSTEMPATH\Config\Factories.php(235): Config\Database->__construct()
 2 SYSTEMPATH\Config\Factories.php(169): CodeIgniter\Config\Factories::createInstance('config', 'Config\\Database', [])
 3 SYSTEMPATH\Config\Factories.php(188): CodeIgniter\Config\Factories::__callStatic('config', [])
 4 SYSTEMPATH\Common.php(210): CodeIgniter\Config\Factories::get('config', 'Config\\Database')
 5 SYSTEMPATH\Database\Config.php(63): config('Config\\Database')
 6 APPPATH\Controllers\Auth.php(115): CodeIgniter\Database\Config::connect()
 7 APPPATH\Controllers\Auth.php(27): App\Controllers\Auth->clearFailedAttempts()
 8 SYSTEMPATH\CodeIgniter.php(933): App\Controllers\Auth->index()
 9 SYSTEMPATH\CodeIgniter.php(507): CodeIgniter\CodeIgniter->runController(Object(App\Controllers\Auth))
10 SYSTEMPATH\CodeIgniter.php(354): CodeIgniter\CodeIgniter->handleRequest(null, Object(Config\Cache), false)
11 SYSTEMPATH\Boot.php(334): CodeIgniter\CodeIgniter->run()
12 SYSTEMPATH\Boot.php(67): CodeIgniter\Boot::runCodeIgniter(Object(CodeIgniter\CodeIgniter))
13 FCPATH\index.php(56): CodeIgniter\Boot::bootWeb(Object(Config\Paths))
14 SYSTEMPATH\rewrite.php(44): require_once('D:\\xampp\\htdocs\\Codeigniter_No_Docker\\public\\index.php')
DEBUG - 2026-02-09 01:44:16 --> Session: Class initialized using 'CodeIgniter\Session\Handlers\FileHandler' driver.
INFO - 2026-02-09 01:44:16 --> CSRF token verified.
WARNING - 2026-02-09 01:44:16 --> [DEPRECATED] Creation of dynamic property Config\Database::$default is deprecated in APPPATH\Config\Database.php on line 40.
 1 SYSTEMPATH\Config\Factories.php(235): Config\Database->__construct()
 2 SYSTEMPATH\Config\Factories.php(169): CodeIgniter\Config\Factories::createInstance('config', 'Config\\Database', [])
 3 SYSTEMPATH\Config\Factories.php(188): CodeIgniter\Config\Factories::__callStatic('config', [])
 4 SYSTEMPATH\Common.php(210): CodeIgniter\Config\Factories::get('config', 'Config\\Database')
 5 SYSTEMPATH\Database\Config.php(63): config('Config\\Database')
 6 SYSTEMPATH\Model.php(155): CodeIgniter\Database\Config::connect(null)
 7 APPPATH\Controllers\Auth.php(36): CodeIgniter\Model->__construct()
 8 SYSTEMPATH\CodeIgniter.php(933): App\Controllers\Auth->auth()
 9 SYSTEMPATH\CodeIgniter.php(507): CodeIgniter\CodeIgniter->runController(Object(App\Controllers\Auth))
10 SYSTEMPATH\CodeIgniter.php(354): CodeIgniter\CodeIgniter->handleRequest(null, Object(Config\Cache), false)
11 SYSTEMPATH\Boot.php(334): CodeIgniter\CodeIgniter->run()
12 SYSTEMPATH\Boot.php(67): CodeIgniter\Boot::runCodeIgniter(Object(CodeIgniter\CodeIgniter))
13 FCPATH\index.php(56): CodeIgniter\Boot::bootWeb(Object(Config\Paths))
14 SYSTEMPATH\rewrite.php(44): require_once('D:\\xampp\\htdocs\\Codeigniter_No_Docker\\public\\index.php')
DEBUG - 2026-02-09 01:44:16 --> Session: Class initialized using 'CodeIgniter\Session\Handlers\FileHandler' driver.
DEBUG - 2026-02-09 01:47:48 --> Session: Class initialized using 'CodeIgniter\Session\Handlers\FileHandler' driver.
DEBUG - 2026-02-09 01:48:07 --> Session: Class initialized using 'CodeIgniter\Session\Handlers\FileHandler' driver.
WARNING - 2026-02-09 01:48:07 --> [DEPRECATED] Creation of dynamic property Config\Database::$default is deprecated in APPPATH\Config\Database.php on line 40.
 1 SYSTEMPATH\Config\Factories.php(235): Config\Database->__construct()
 2 SYSTEMPATH\Config\Factories.php(169): CodeIgniter\Config\Factories::createInstance('config', 'Config\\Database', [])
 3 SYSTEMPATH\Config\Factories.php(188): CodeIgniter\Config\Factories::__callStatic('config', [])
 4 SYSTEMPATH\Common.php(210): CodeIgniter\Config\Factories::get('config', 'Config\\Database')
 5 SYSTEMPATH\Database\Config.php(63): config('Config\\Database')
 6 SYSTEMPATH\Model.php(155): CodeIgniter\Database\Config::connect(null)
 7 APPPATH\Controllers\Users.php(12): CodeIgniter\Model->__construct()
 8 SYSTEMPATH\CodeIgniter.php(933): App\Controllers\Users->index()
 9 SYSTEMPATH\CodeIgniter.php(507): CodeIgniter\CodeIgniter->runController(Object(App\Controllers\Users))
10 SYSTEMPATH\CodeIgniter.php(354): CodeIgniter\CodeIgniter->handleRequest(null, Object(Config\Cache), false)
11 SYSTEMPATH\Boot.php(334): CodeIgniter\CodeIgniter->run()
12 SYSTEMPATH\Boot.php(67): CodeIgniter\Boot::runCodeIgniter(Object(CodeIgniter\CodeIgniter))
13 FCPATH\index.php(56): CodeIgniter\Boot::bootWeb(Object(Config\Paths))
14 SYSTEMPATH\rewrite.php(44): require_once('D:\\xampp\\htdocs\\Codeigniter_No_Docker\\public\\index.php')
DEBUG - 2026-02-09 01:48:08 --> Session: Class initialized using 'CodeIgniter\Session\Handlers\FileHandler' driver.
INFO - 2026-02-09 01:48:08 --> CSRF token verified.
WARNING - 2026-02-09 01:48:08 --> [DEPRECATED] Creation of dynamic property Config\Database::$default is deprecated in APPPATH\Config\Database.php on line 40.
 1 SYSTEMPATH\Config\Factories.php(235): Config\Database->__construct()
 2 SYSTEMPATH\Config\Factories.php(169): CodeIgniter\Config\Factories::createInstance('config', 'Config\\Database', [])
 3 SYSTEMPATH\Config\Factories.php(188): CodeIgniter\Config\Factories::__callStatic('config', [])
 4 SYSTEMPATH\Common.php(210): CodeIgniter\Config\Factories::get('config', 'Config\\Database')
 5 SYSTEMPATH\Database\Config.php(63): config('Config\\Database')
 6 SYSTEMPATH\Model.php(155): CodeIgniter\Database\Config::connect(null)
 7 APPPATH\Controllers\Users.php(147): CodeIgniter\Model->__construct()
 8 SYSTEMPATH\CodeIgniter.php(933): App\Controllers\Users->fetchRecords()
 9 SYSTEMPATH\CodeIgniter.php(507): CodeIgniter\CodeIgniter->runController(Object(App\Controllers\Users))
10 SYSTEMPATH\CodeIgniter.php(354): CodeIgniter\CodeIgniter->handleRequest(null, Object(Config\Cache), false)
11 SYSTEMPATH\Boot.php(334): CodeIgniter\CodeIgniter->run()
12 SYSTEMPATH\Boot.php(67): CodeIgniter\Boot::runCodeIgniter(Object(CodeIgniter\CodeIgniter))
13 FCPATH\index.php(56): CodeIgniter\Boot::bootWeb(Object(Config\Paths))
14 SYSTEMPATH\rewrite.php(44): require_once('D:\\xampp\\htdocs\\Codeigniter_No_Docker\\public\\index.php')
DEBUG - 2026-02-09 01:48:13 --> Session: Class initialized using 'CodeIgniter\Session\Handlers\FileHandler' driver.
WARNING - 2026-02-09 01:48:13 --> [DEPRECATED] Creation of dynamic property Config\Database::$default is deprecated in APPPATH\Config\Database.php on line 40.
 1 SYSTEMPATH\Config\Factories.php(235): Config\Database->__construct()
 2 SYSTEMPATH\Config\Factories.php(169): CodeIgniter\Config\Factories::createInstance('config', 'Config\\Database', [])
 3 SYSTEMPATH\Config\Factories.php(188): CodeIgniter\Config\Factories::__callStatic('config', [])
 4 SYSTEMPATH\Common.php(210): CodeIgniter\Config\Factories::get('config', 'Config\\Database')
 5 SYSTEMPATH\Database\Config.php(63): config('Config\\Database')
 6 SYSTEMPATH\Model.php(155): CodeIgniter\Database\Config::connect(null)
 7 APPPATH\Controllers\Users.php(116): CodeIgniter\Model->__construct()
 8 SYSTEMPATH\CodeIgniter.php(933): App\Controllers\Users->edit('1')
 9 SYSTEMPATH\CodeIgniter.php(507): CodeIgniter\CodeIgniter->runController(Object(App\Controllers\Users))
10 SYSTEMPATH\CodeIgniter.php(354): CodeIgniter\CodeIgniter->handleRequest(null, Object(Config\Cache), false)
11 SYSTEMPATH\Boot.php(334): CodeIgniter\CodeIgniter->run()
12 SYSTEMPATH\Boot.php(67): CodeIgniter\Boot::runCodeIgniter(Object(CodeIgniter\CodeIgniter))
13 FCPATH\index.php(56): CodeIgniter\Boot::bootWeb(Object(Config\Paths))
14 SYSTEMPATH\rewrite.php(44): require_once('D:\\xampp\\htdocs\\Codeigniter_No_Docker\\public\\index.php')
DEBUG - 2026-02-09 01:48:45 --> Session: Class initialized using 'CodeIgniter\Session\Handlers\FileHandler' driver.
INFO - 2026-02-09 01:48:45 --> CSRF token verified.
WARNING - 2026-02-09 01:48:45 --> [DEPRECATED] Creation of dynamic property Config\Database::$default is deprecated in APPPATH\Config\Database.php on line 40.
 1 SYSTEMPATH\Config\Factories.php(235): Config\Database->__construct()
 2 SYSTEMPATH\Config\Factories.php(169): CodeIgniter\Config\Factories::createInstance('config', 'Config\\Database', [])
 3 SYSTEMPATH\Config\Factories.php(188): CodeIgniter\Config\Factories::__callStatic('config', [])
 4 SYSTEMPATH\Common.php(210): CodeIgniter\Config\Factories::get('config', 'Config\\Database')
 5 SYSTEMPATH\Database\Config.php(63): config('Config\\Database')
 6 SYSTEMPATH\Model.php(155): CodeIgniter\Database\Config::connect(null)
 7 APPPATH\Controllers\Users.php(58): CodeIgniter\Model->__construct()
 8 SYSTEMPATH\CodeIgniter.php(933): App\Controllers\Users->update()
 9 SYSTEMPATH\CodeIgniter.php(507): CodeIgniter\CodeIgniter->runController(Object(App\Controllers\Users))
10 SYSTEMPATH\CodeIgniter.php(354): CodeIgniter\CodeIgniter->handleRequest(null, Object(Config\Cache), false)
11 SYSTEMPATH\Boot.php(334): CodeIgniter\CodeIgniter->run()
12 SYSTEMPATH\Boot.php(67): CodeIgniter\Boot::runCodeIgniter(Object(CodeIgniter\CodeIgniter))
13 FCPATH\index.php(56): CodeIgniter\Boot::bootWeb(Object(Config\Paths))
14 SYSTEMPATH\rewrite.php(44): require_once('D:\\xampp\\htdocs\\Codeigniter_No_Docker\\public\\index.php')
DEBUG - 2026-02-09 01:48:47 --> Session: Class initialized using 'CodeIgniter\Session\Handlers\FileHandler' driver.
WARNING - 2026-02-09 01:48:47 --> [DEPRECATED] Creation of dynamic property Config\Database::$default is deprecated in APPPATH\Config\Database.php on line 40.
 1 SYSTEMPATH\Config\Factories.php(235): Config\Database->__construct()
 2 SYSTEMPATH\Config\Factories.php(169): CodeIgniter\Config\Factories::createInstance('config', 'Config\\Database', [])
 3 SYSTEMPATH\Config\Factories.php(188): CodeIgniter\Config\Factories::__callStatic('config', [])
 4 SYSTEMPATH\Common.php(210): CodeIgniter\Config\Factories::get('config', 'Config\\Database')
 5 SYSTEMPATH\Database\Config.php(63): config('Config\\Database')
 6 SYSTEMPATH\Model.php(155): CodeIgniter\Database\Config::connect(null)
 7 APPPATH\Controllers\Users.php(12): CodeIgniter\Model->__construct()
 8 SYSTEMPATH\CodeIgniter.php(933): App\Controllers\Users->index()
 9 SYSTEMPATH\CodeIgniter.php(507): CodeIgniter\CodeIgniter->runController(Object(App\Controllers\Users))
10 SYSTEMPATH\CodeIgniter.php(354): CodeIgniter\CodeIgniter->handleRequest(null, Object(Config\Cache), false)
11 SYSTEMPATH\Boot.php(334): CodeIgniter\CodeIgniter->run()
12 SYSTEMPATH\Boot.php(67): CodeIgniter\Boot::runCodeIgniter(Object(CodeIgniter\CodeIgniter))
13 FCPATH\index.php(56): CodeIgniter\Boot::bootWeb(Object(Config\Paths))
14 SYSTEMPATH\rewrite.php(44): require_once('D:\\xampp\\htdocs\\Codeigniter_No_Docker\\public\\index.php')
DEBUG - 2026-02-09 01:48:47 --> Session: Class initialized using 'CodeIgniter\Session\Handlers\FileHandler' driver.
INFO - 2026-02-09 01:48:47 --> CSRF token verified.
WARNING - 2026-02-09 01:48:47 --> [DEPRECATED] Creation of dynamic property Config\Database::$default is deprecated in APPPATH\Config\Database.php on line 40.
 1 SYSTEMPATH\Config\Factories.php(235): Config\Database->__construct()
 2 SYSTEMPATH\Config\Factories.php(169): CodeIgniter\Config\Factories::createInstance('config', 'Config\\Database', [])
 3 SYSTEMPATH\Config\Factories.php(188): CodeIgniter\Config\Factories::__callStatic('config', [])
 4 SYSTEMPATH\Common.php(210): CodeIgniter\Config\Factories::get('config', 'Config\\Database')
 5 SYSTEMPATH\Database\Config.php(63): config('Config\\Database')
 6 SYSTEMPATH\Model.php(155): CodeIgniter\Database\Config::connect(null)
 7 APPPATH\Controllers\Users.php(147): CodeIgniter\Model->__construct()
 8 SYSTEMPATH\CodeIgniter.php(933): App\Controllers\Users->fetchRecords()
 9 SYSTEMPATH\CodeIgniter.php(507): CodeIgniter\CodeIgniter->runController(Object(App\Controllers\Users))
10 SYSTEMPATH\CodeIgniter.php(354): CodeIgniter\CodeIgniter->handleRequest(null, Object(Config\Cache), false)
11 SYSTEMPATH\Boot.php(334): CodeIgniter\CodeIgniter->run()
12 SYSTEMPATH\Boot.php(67): CodeIgniter\Boot::runCodeIgniter(Object(CodeIgniter\CodeIgniter))
13 FCPATH\index.php(56): CodeIgniter\Boot::bootWeb(Object(Config\Paths))
14 SYSTEMPATH\rewrite.php(44): require_once('D:\\xampp\\htdocs\\Codeigniter_No_Docker\\public\\index.php')
